d:\vsproject\c01\x64\debug\c01.lib
d:\vsproject\c01\x64\debug\c01.exp
d:\vsproject\c01\c01\x64\debug\vc120.pdb
d:\vsproject\c01\c01\x64\debug\vc120.idb
d:\vsproject\c01\c01\x64\debug\01.obj
d:\vsproject\c01\c01\x64\debug\02_io.obj
d:\vsproject\c01\c01\x64\debug\file1.obj
d:\vsproject\c01\c01\x64\debug\file2.obj
d:\vsproject\c01\c01\x64\debug\file3.obj
d:\vsproject\c01\c01\x64\debug\file_jni.obj
d:\vsproject\c01\c01\x64\debug\file_precompile.obj
d:\vsproject\c01\c01\x64\debug\file_struct.obj
d:\vsproject\c01\c01\x64\debug\file_string.obj
d:\vsproject\c01\x64\debug\c01.ilk
d:\vsproject\c01\x64\debug\c01.dll
d:\vsproject\c01\x64\debug\c01.pdb
d:\vsproject\c01\c01\x64\debug\c01.tlog\c01.write.1u.tlog
d:\vsproject\c01\c01\x64\debug\c01.tlog\cl.command.1.tlog
d:\vsproject\c01\c01\x64\debug\c01.tlog\cl.read.1.tlog
d:\vsproject\c01\c01\x64\debug\c01.tlog\cl.write.1.tlog
d:\vsproject\c01\c01\x64\debug\c01.tlog\link.command.1.tlog
d:\vsproject\c01\c01\x64\debug\c01.tlog\link.read.1.tlog
d:\vsproject\c01\c01\x64\debug\c01.tlog\link.write.1.tlog
